This file contains any messages produced by compilers while
running configure, to aid debugging if configure makes a mistake.

It was created by xstow configure 1.0.3, which was
generated by GNU Autoconf 2.72.  Invocation command line was

  $ ./configure --prefix=/usr/local

## --------- ##
## Platform. ##
## --------- ##

hostname = Dyazo
uname -m = x86_64
uname -r = 6.15.9-zen1-1-zen
uname -s = Linux
uname -v = #1 ZEN SMP PREEMPT_DYNAMIC Sat, 02 Aug 2025 01:19:55 +0000

/usr/bin/uname -p = unknown
/bin/uname -X     = unknown

/bin/arch              =   
[1m[31m        ■      [1m[32m        ■      [1m[33m        ■     [1m[34m         ■       [1m[35m       ■      [1m[36m        ■   [0m
[1m[31m       ■■■     [1m[32m       ■■■     [1m[33m       ■■■    [1m[34m        ■■■      [1m[35m      ■■■     [1m[36m       ■■■  [0m
[1m[31m      ■■■■■    [1m[32m      ■■■■■    [1m[33m      ■■■■■   [1m[34m       ■■■■■     [1m[35m     ■■■■■    [1m[36m      ■■■■■ [0m
[31m     ■(   )■   [32m     ■(   )■   [33m     ■(   )■   [34m     ■(   )■    [35m    ■(   )■   [36m     ■(   )■   [0m
[31m    ■■■■ ■■■■  [32m    ■■■■ ■■■■  [33m    ■■■■ ■■■■  [34m    ■■■■ ■■■■   [35m   ■■■■ ■■■■  [36m    ■■■■ ■■■■  [0m
[31m   ■■       ■■ [32m   ■■       ■■ [33m   ■■       ■■ [34m   ■■       ■■  [35m  ■■       ■■ [36m   ■■       ■■ [0m
 
/usr/bin/arch -k       =   
[1m[31m        ■      [1m[32m        ■      [1m[33m        ■     [1m[34m         ■       [1m[35m       ■      [1m[36m        ■   [0m
[1m[31m       ■■■     [1m[32m       ■■■     [1m[33m       ■■■    [1m[34m        ■■■      [1m[35m      ■■■     [1m[36m       ■■■  [0m
[1m[31m      ■■■■■    [1m[32m      ■■■■■    [1m[33m      ■■■■■   [1m[34m       ■■■■■     [1m[35m     ■■■■■    [1m[36m      ■■■■■ [0m
[31m     ■(   )■   [32m     ■(   )■   [33m     ■(   )■   [34m     ■(   )■    [35m    ■(   )■   [36m     ■(   )■   [0m
[31m    ■■■■ ■■■■  [32m    ■■■■ ■■■■  [33m    ■■■■ ■■■■  [34m    ■■■■ ■■■■   [35m   ■■■■ ■■■■  [36m    ■■■■ ■■■■  [0m
[31m   ■■       ■■ [32m   ■■       ■■ [33m   ■■       ■■ [34m   ■■       ■■  [35m  ■■       ■■ [36m   ■■       ■■ [0m
 
/usr/convex/getsysinfo = unknown
/usr/bin/hostinfo      = unknown
/bin/machine           = unknown
/usr/bin/oslevel       = unknown
/bin/universe          = unknown

PATH: /usr/local/sbin/
PATH: /usr/local/bin/
PATH: /usr/bin/
PATH: /usr/lib/jvm/default/bin/
PATH: /usr/bin/site_perl/
PATH: /usr/bin/vendor_perl/
PATH: /usr/bin/core_perl/
PATH: /home/ashishk/.binary/
PATH: /home/ashishk/.binary/utils/


## ----------- ##
## Core tests. ##
## ----------- ##

configure:2581: looking for aux files: compile missing install-sh
configure:2594:  trying ./
configure:2623:   ./compile found
configure:2623:   ./missing found
configure:2605:   ./install-sh found
configure:2756: checking for a BSD-compatible install
configure:2830: result: /usr/bin/install -c
configure:2841: checking whether sleep supports fractional seconds
configure:2857: result: yes
configure:2860: checking filesystem timestamp resolution
configure:2995: result: 0.01
configure:3000: checking whether build environment is sane
configure:3045: result: yes
configure:3216: checking for a race-free mkdir -p
configure:3259: result: /usr/bin/mkdir -p
configure:3266: checking for gawk
configure:3287: found /usr/bin/gawk
configure:3299: result: gawk
configure:3310: checking whether make sets $(MAKE)
configure:3334: result: yes
configure:3360: checking whether make supports nested variables
configure:3379: result: yes
configure:3393: checking xargs -n works
configure:3409: result: yes
configure:3494: checking whether UID '1000' is supported by ustar format
configure:3500: result: yes
configure:3507: checking whether GID '1000' is supported by ustar format
configure:3513: result: yes
configure:3521: checking how to create a ustar tar archive
configure:3532: tar --version
tar (GNU tar) 1.35
Copyright (C) 2023 Free Software Foundation, Inc.
License GPLv3+: GNU GPL version 3 or later <https://gnu.org/licenses/gpl.html>.
This is free software: you are free to change and redistribute it.
There is NO WARRANTY, to the extent permitted by law.

Written by John Gilmore and Jay Fenlason.
configure:3535: $? = 0
configure:3575: tardir=conftest.dir && eval tar --format=ustar -chf - "$tardir" >conftest.tar
configure:3578: $? = 0
configure:3582: tar -xf - <conftest.tar
configure:3585: $? = 0
configure:3587: cat conftest.dir/file
GrepMe
configure:3590: $? = 0
configure:3605: result: gnutar
configure:3645: checking whether make supports the include directive
configure:3660: make -f confmf.GNU && cat confinc.out
this is the am__doit target
configure:3663: $? = 0
configure:3682: result: yes (GNU style)
configure:3759: checking for gcc
configure:3780: found /usr/bin/gcc
configure:3792: result: gcc
configure:4151: checking for C compiler version
configure:4160: gcc --version >&5
gcc (GCC) 15.1.1 20250729
Copyright (C) 2025 Free Software Foundation, Inc.
This is free software; see the source for copying conditions.  There is NO
warranty; not even for MERCHANTABILITY or FITNESS FOR A PARTICULAR PURPOSE.

configure:4171: $? = 0
configure:4160: gcc -v >&5
Using built-in specs.
COLLECT_GCC=gcc
COLLECT_LTO_WRAPPER=/usr/lib/gcc/x86_64-pc-linux-gnu/15.1.1/lto-wrapper
Target: x86_64-pc-linux-gnu
Configured with: /build/gcc/src/gcc/configure --enable-languages=ada,c,c++,d,fortran,go,lto,m2,objc,obj-c++,rust,cobol --enable-bootstrap --prefix=/usr --libdir=/usr/lib --libexecdir=/usr/lib --mandir=/usr/share/man --infodir=/usr/share/info --with-bugurl=https://gitlab.archlinux.org/archlinux/packaging/packages/gcc/-/issues --with-build-config=bootstrap-lto --with-linker-hash-style=gnu --with-system-zlib --enable-__cxa_atexit --enable-cet=auto --enable-checking=release --enable-clocale=gnu --enable-default-pie --enable-default-ssp --enable-gnu-indirect-function --enable-gnu-unique-object --enable-libstdcxx-backtrace --enable-link-serialization=1 --enable-linker-build-id --enable-lto --enable-multilib --enable-plugin --enable-shared --enable-threads=posix --disable-libssp --disable-libstdcxx-pch --disable-werror
Thread model: posix
Supported LTO compression algorithms: zlib zstd
gcc version 15.1.1 20250729 (GCC) 
configure:4171: $? = 0
configure:4160: gcc -V >&5
gcc: error: unrecognized command-line option '-V'
gcc: fatal error: no input files
compilation terminated.
configure:4171: $? = 1
configure:4160: gcc -qversion >&5
gcc: error: unrecognized command-line option '-qversion'; did you mean '--version'?
gcc: fatal error: no input files
compilation terminated.
configure:4171: $? = 1
configure:4160: gcc -version >&5
gcc: error: unrecognized command-line option '-version'
gcc: fatal error: no input files
compilation terminated.
configure:4171: $? = 1
configure:4191: checking whether the C compiler works
configure:4213: gcc    conftest.c  >&5
configure:4217: $? = 0
configure:4268: result: yes
configure:4272: checking for C compiler default output file name
configure:4274: result: a.out
configure:4280: checking for suffix of executables
configure:4287: gcc -o conftest    conftest.c  >&5
configure:4291: $? = 0
configure:4315: result: 
configure:4339: checking whether we are cross compiling
configure:4347: gcc -o conftest    conftest.c  >&5
configure:4351: $? = 0
configure:4358: ./conftest
configure:4362: $? = 0
configure:4377: result: no
configure:4383: checking for suffix of object files
configure:4406: gcc -c   conftest.c >&5
configure:4410: $? = 0
configure:4434: result: o
configure:4438: checking whether the compiler supports GNU C
configure:4458: gcc -c   conftest.c >&5
configure:4458: $? = 0
configure:4470: result: yes
configure:4481: checking whether gcc accepts -g
configure:4502: gcc -c -g  conftest.c >&5
configure:4502: $? = 0
configure:4549: result: yes
configure:4569: checking for gcc option to enable C11 features
configure:4584: gcc  -c -g -O2  conftest.c >&5
configure:4584: $? = 0
configure:4603: result: none needed
configure:4727: checking whether gcc understands -c and -o together
configure:4750: gcc -c conftest.c -o conftest2.o
configure:4753: $? = 0
configure:4750: gcc -c conftest.c -o conftest2.o
configure:4753: $? = 0
configure:4769: result: yes
configure:4788: checking dependency style of gcc
configure:4901: result: gcc3
configure:4917: checking for library containing strerror
configure:4953: gcc -o conftest -g -O2   conftest.c  >&5
configure:4953: $? = 0
configure:4975: result: none required
configure:5054: checking for g++
configure:5075: found /usr/bin/g++
configure:5087: result: g++
configure:5114: checking for C++ compiler version
configure:5123: g++ --version >&5
g++ (GCC) 15.1.1 20250729
Copyright (C) 2025 Free Software Foundation, Inc.
This is free software; see the source for copying conditions.  There is NO
warranty; not even for MERCHANTABILITY or FITNESS FOR A PARTICULAR PURPOSE.

configure:5134: $? = 0
configure:5123: g++ -v >&5
Using built-in specs.
COLLECT_GCC=g++
COLLECT_LTO_WRAPPER=/usr/lib/gcc/x86_64-pc-linux-gnu/15.1.1/lto-wrapper
Target: x86_64-pc-linux-gnu
Configured with: /build/gcc/src/gcc/configure --enable-languages=ada,c,c++,d,fortran,go,lto,m2,objc,obj-c++,rust,cobol --enable-bootstrap --prefix=/usr --libdir=/usr/lib --libexecdir=/usr/lib --mandir=/usr/share/man --infodir=/usr/share/info --with-bugurl=https://gitlab.archlinux.org/archlinux/packaging/packages/gcc/-/issues --with-build-config=bootstrap-lto --with-linker-hash-style=gnu --with-system-zlib --enable-__cxa_atexit --enable-cet=auto --enable-checking=release --enable-clocale=gnu --enable-default-pie --enable-default-ssp --enable-gnu-indirect-function --enable-gnu-unique-object --enable-libstdcxx-backtrace --enable-link-serialization=1 --enable-linker-build-id --enable-lto --enable-multilib --enable-plugin --enable-shared --enable-threads=posix --disable-libssp --disable-libstdcxx-pch --disable-werror
Thread model: posix
Supported LTO compression algorithms: zlib zstd
gcc version 15.1.1 20250729 (GCC) 
configure:5134: $? = 0
configure:5123: g++ -V >&5
g++: error: unrecognized command-line option '-V'
g++: fatal error: no input files
compilation terminated.
configure:5134: $? = 1
configure:5123: g++ -qversion >&5
g++: error: unrecognized command-line option '-qversion'; did you mean '--version'?
g++: fatal error: no input files
compilation terminated.
configure:5134: $? = 1
configure:5138: checking whether the compiler supports GNU C++
configure:5158: g++ -c   conftest.cpp >&5
configure:5158: $? = 0
configure:5170: result: yes
configure:5181: checking whether g++ accepts -g
configure:5202: g++ -c -g  conftest.cpp >&5
configure:5202: $? = 0
configure:5249: result: yes
configure:5269: checking for g++ option to enable C++11 features
configure:5284: g++  -c -g -O2  conftest.cpp >&5
conftest.cpp: In function 'int main(int, char**)':
conftest.cpp:177:25: warning: empty parentheses were disambiguated as a function declaration [-Wvexing-parse]
  177 |   cxx11test::delegate d2();
      |                         ^~
conftest.cpp:177:25: note: remove parentheses to default-initialize a variable
  177 |   cxx11test::delegate d2();
      |                         ^~
      |                         --
conftest.cpp:177:25: note: or replace parentheses with braces to value-initialize a variable
configure:5284: $? = 0
configure:5303: result: none needed
configure:5374: checking dependency style of g++
configure:5487: result: gcc3
configure:5509: checking whether make sets $(MAKE)
configure:5533: result: yes
configure:5596: checking for gcc
configure:5629: result: gcc
configure:5988: checking for C compiler version
configure:5997: gcc --version >&5
gcc (GCC) 15.1.1 20250729
Copyright (C) 2025 Free Software Foundation, Inc.
This is free software; see the source for copying conditions.  There is NO
warranty; not even for MERCHANTABILITY or FITNESS FOR A PARTICULAR PURPOSE.

configure:6008: $? = 0
configure:5997: gcc -v >&5
Using built-in specs.
COLLECT_GCC=gcc
COLLECT_LTO_WRAPPER=/usr/lib/gcc/x86_64-pc-linux-gnu/15.1.1/lto-wrapper
Target: x86_64-pc-linux-gnu
Configured with: /build/gcc/src/gcc/configure --enable-languages=ada,c,c++,d,fortran,go,lto,m2,objc,obj-c++,rust,cobol --enable-bootstrap --prefix=/usr --libdir=/usr/lib --libexecdir=/usr/lib --mandir=/usr/share/man --infodir=/usr/share/info --with-bugurl=https://gitlab.archlinux.org/archlinux/packaging/packages/gcc/-/issues --with-build-config=bootstrap-lto --with-linker-hash-style=gnu --with-system-zlib --enable-__cxa_atexit --enable-cet=auto --enable-checking=release --enable-clocale=gnu --enable-default-pie --enable-default-ssp --enable-gnu-indirect-function --enable-gnu-unique-object --enable-libstdcxx-backtrace --enable-link-serialization=1 --enable-linker-build-id --enable-lto --enable-multilib --enable-plugin --enable-shared --enable-threads=posix --disable-libssp --disable-libstdcxx-pch --disable-werror
Thread model: posix
Supported LTO compression algorithms: zlib zstd
gcc version 15.1.1 20250729 (GCC) 
configure:6008: $? = 0
configure:5997: gcc -V >&5
gcc: error: unrecognized command-line option '-V'
gcc: fatal error: no input files
compilation terminated.
configure:6008: $? = 1
configure:5997: gcc -qversion >&5
gcc: error: unrecognized command-line option '-qversion'; did you mean '--version'?
gcc: fatal error: no input files
compilation terminated.
configure:6008: $? = 1
configure:5997: gcc -version >&5
gcc: error: unrecognized command-line option '-version'
gcc: fatal error: no input files
compilation terminated.
configure:6008: $? = 1
configure:6012: checking whether the compiler supports GNU C
configure:6044: result: yes
configure:6055: checking whether gcc accepts -g
configure:6123: result: yes
configure:6143: checking for gcc option to enable C11 features
configure:6177: result: none needed
configure:6301: checking whether gcc understands -c and -o together
configure:6343: result: yes
configure:6362: checking dependency style of gcc
configure:6475: result: gcc3
configure:6497: checking for stdio.h
configure:6497: g++ -c -g -O2  conftest.cpp >&5
configure:6497: $? = 0
configure:6497: result: yes
configure:6497: checking for stdlib.h
configure:6497: g++ -c -g -O2  conftest.cpp >&5
configure:6497: $? = 0
configure:6497: result: yes
configure:6497: checking for string.h
configure:6497: g++ -c -g -O2  conftest.cpp >&5
configure:6497: $? = 0
configure:6497: result: yes
configure:6497: checking for inttypes.h
configure:6497: g++ -c -g -O2  conftest.cpp >&5
configure:6497: $? = 0
configure:6497: result: yes
configure:6497: checking for stdint.h
configure:6497: g++ -c -g -O2  conftest.cpp >&5
configure:6497: $? = 0
configure:6497: result: yes
configure:6497: checking for strings.h
configure:6497: g++ -c -g -O2  conftest.cpp >&5
configure:6497: $? = 0
configure:6497: result: yes
configure:6497: checking for sys/stat.h
configure:6497: g++ -c -g -O2  conftest.cpp >&5
configure:6497: $? = 0
configure:6497: result: yes
configure:6497: checking for sys/types.h
configure:6497: g++ -c -g -O2  conftest.cpp >&5
configure:6497: $? = 0
configure:6497: result: yes
configure:6497: checking for unistd.h
configure:6497: g++ -c -g -O2  conftest.cpp >&5
configure:6497: $? = 0
configure:6497: result: yes
configure:6522: checking for grep that handles long lines and -e
configure:6588: result: /usr/bin/grep
configure:6596: checking for egrep
configure:6666: result: /usr/bin/grep -E
configure:6674: checking for an ANSI C-conforming const
configure:6741: g++ -c -g -O2  conftest.cpp >&5
configure:6741: $? = 0
configure:6751: result: yes
configure:6759: checking for inline
configure:6776: g++ -c -g -O2  conftest.cpp >&5
configure:6776: $? = 0
configure:6786: result: inline
configure:6805: checking for string
configure:6805: g++ -c -g -O2  conftest.cpp >&5
configure:6805: $? = 0
configure:6805: result: yes
configure:6815: checking for vector
configure:6815: g++ -c -g -O2  conftest.cpp >&5
configure:6815: $? = 0
configure:6815: result: yes
configure:6824: checking for list
configure:6824: g++ -c -g -O2  conftest.cpp >&5
configure:6824: $? = 0
configure:6824: result: yes
configure:6833: checking for dirent.h
configure:6833: g++ -c -g -O2  conftest.cpp >&5
configure:6833: $? = 0
configure:6833: result: yes
configure:6842: checking for iostream
configure:6842: g++ -c -g -O2  conftest.cpp >&5
configure:6842: $? = 0
configure:6842: result: yes
configure:6851: checking for iomanip
configure:6851: g++ -c -g -O2  conftest.cpp >&5
configure:6851: $? = 0
configure:6851: result: yes
configure:6860: checking for iterator
configure:6860: g++ -c -g -O2  conftest.cpp >&5
configure:6860: $? = 0
configure:6860: result: yes
configure:6869: checking for fstream
configure:6869: g++ -c -g -O2  conftest.cpp >&5
configure:6869: $? = 0
configure:6869: result: yes
configure:6878: checking for exception
configure:6878: g++ -c -g -O2  conftest.cpp >&5
configure:6878: $? = 0
configure:6878: result: yes
configure:6887: checking for sys/stat.h
configure:6887: result: yes
configure:6896: checking for unistd.h
configure:6896: result: yes
configure:6905: checking for errno.h
configure:6905: g++ -c -g -O2  conftest.cpp >&5
configure:6905: $? = 0
configure:6905: result: yes
configure:6914: checking for ctype.h
configure:6914: g++ -c -g -O2  conftest.cpp >&5
configure:6914: $? = 0
configure:6914: result: yes
configure:6923: checking for cstdio
configure:6923: g++ -c -g -O2  conftest.cpp >&5
configure:6923: $? = 0
configure:6923: result: yes
configure:6932: checking for cstring
configure:6932: g++ -c -g -O2  conftest.cpp >&5
configure:6932: $? = 0
configure:6932: result: yes
configure:6941: checking for string
configure:6941: result: yes
configure:6950: checking for sys/types.h
configure:6950: result: yes
configure:6959: checking for sys/stat.h
configure:6959: result: yes
configure:6968: checking for algorithm
configure:6968: g++ -c -g -O2  conftest.cpp >&5
configure:6968: $? = 0
configure:6968: result: yes
configure:6978: checking for shell pattern support
configure:6996: result: enabled
configure:6998: checking for fnmatch.h
configure:6998: g++ -c -g -O2  conftest.cpp >&5
configure:6998: $? = 0
configure:6998: result: yes
configure:7019: checking for regular expressions support
configure:7036: result: enabled
configure:7038: checking for regex.h
configure:7038: g++ -c -g -O2  conftest.cpp >&5
configure:7038: $? = 0
configure:7038: result: yes
configure:7059: checking for curses support
configure:7076: result: enabled
configure:7078: checking for curses.h
configure:7078: g++ -c -g -O2  conftest.cpp >&5
configure:7078: $? = 0
configure:7078: result: yes
configure:7083: checking for initscr in -lcurses
configure:7105: g++ -o conftest -g -O2   conftest.cpp -lcurses   >&5
configure:7105: $? = 0
configure:7117: result: yes
configure:7185: checking for ominous macros in curses
configure:7202: g++ -c -g -O2  conftest.cpp >&5
In file included from /usr/include/c++/15.1.1/x86_64-pc-linux-gnu/bits/c++allocator.h:33,
                 from /usr/include/c++/15.1.1/bits/allocator.h:46,
                 from /usr/include/c++/15.1.1/list:65,
                 from conftest.cpp:25:
In member function 'void std::__new_allocator<_Tp>::deallocate(_Tp*, size_type) [with _Tp = std::_List_node<int>]',
    inlined from 'static void std::allocator_traits<std::allocator<_Tp1> >::deallocate(allocator_type&, pointer, size_type) [with _Tp = std::_List_node<int>]' at /usr/include/c++/15.1.1/bits/alloc_traits.h:649:23,
    inlined from 'void std::__cxx11::_List_base<_Tp, _Alloc>::_M_put_node(_Node_ptr) [with _Tp = int; _Alloc = std::allocator<int>]' at /usr/include/c++/15.1.1/bits/stl_list.h:820:32,
    inlined from 'void std::__cxx11::_List_base<_Tp, _Alloc>::_M_destroy_node(_Node_ptr) [with _Tp = int; _Alloc = std::allocator<int>]' at /usr/include/c++/15.1.1/bits/stl_list.h:855:19,
    inlined from 'void std::__cxx11::list<_Tp, _Allocator>::_M_erase(iterator) [with _Tp = int; _Alloc = std::allocator<int>]' at /usr/include/c++/15.1.1/bits/stl_list.h:2486:23,
    inlined from 'std::__cxx11::list<_Tp, _Allocator>::iterator std::__cxx11::list<_Tp, _Allocator>::erase(const_iterator) [with _Tp = int; _Alloc = std::allocator<int>]' at /usr/include/c++/15.1.1/bits/list.tcc:153:15,
    inlined from 'Foo::Foo()' at conftest.cpp:26:54,
    inlined from 'int main()' at conftest.cpp:31:6:
/usr/include/c++/15.1.1/bits/new_allocator.h:172:66: warning: 'void operator delete(void*, std::size_t)' called on unallocated object 'il' [-Wfree-nonheap-object]
  172 |         _GLIBCXX_OPERATOR_DELETE(_GLIBCXX_SIZED_DEALLOC(__p, __n));
      |                                                                  ^
conftest.cpp: In function 'int main()':
conftest.cpp:26:77: note: declared here
   26 |                                         struct Foo { Foo() { std::list<int> il; il.erase(il.begin()); } };
      |                                                                             ^~
configure:7202: $? = 0
configure:7205: result: no
configure:7223: checking for COLS in -ltinfo
configure:7245: g++ -o conftest -g -O2   conftest.cpp -ltinfo   >&5
configure:7245: $? = 0
configure:7257: result: yes
configure:7298: checking for sstream
configure:7298: g++ -c -g -O2  conftest.cpp >&5
configure:7298: $? = 0
configure:7298: result: yes
configure:7309: checking for strstream
configure:7309: g++ -c -g -O2  conftest.cpp >&5
In file included from /usr/include/c++/15.1.1/backward/strstream:50,
                 from conftest.cpp:53:
/usr/include/c++/15.1.1/backward/backward_warning.h:32:2: warning: #warning This file includes at least one deprecated or antiquated header which may be removed without further notice at a future date. Please use a non-deprecated interface with equivalent functionality instead. For a listing of replacement headers and interfaces, consult the file backward_warning.h. To disable this warning use -Wno-deprecated. [-Wcpp]
   32 | #warning \
      |  ^~~~~~~
configure:7309: $? = 0
configure:7309: result: yes
configure:7329: checking for ini file support
configure:7345: result: enabled
configure:7352: checking for GNU like STL containers
configure:7368: g++ -c -g -O2  conftest.cpp >&5
configure:7368: $? = 0
configure:7371: result: yes
configure:7394: checking for debugging support
configure:7414: result: disabled
configure:7422: checking for new std::ios_base
configure:7437: g++ -c -g -O2 -DNDEBUG  conftest.cpp >&5
configure:7437: $? = 0
configure:7440: result: yes
configure:7461: checking for static support
configure:7479: result: enabled
configure:7487: checking create merge-info?
configure:7505: result: enabled
configure:7766: checking that generated files are newer than configure
configure:7772: result: done
configure:7863: creating ./config.status

## ---------------------- ##
## Running config.status. ##
## ---------------------- ##

This file was extended by xstow config.status 1.0.3, which was
generated by GNU Autoconf 2.72.  Invocation command line was

  CONFIG_FILES    = 
  CONFIG_HEADERS  = 
  CONFIG_LINKS    = 
  CONFIG_COMMANDS = 
  $ ./config.status 

on Dyazo

config.status:881: creating Makefile
config.status:881: creating src/Makefile
config.status:881: creating doc/Makefile
config.status:881: creating config.h
config.status:1110: executing depfiles commands
config.status:1185: cd src       && sed -e '/# am--include-marker/d' Makefile         | make -f - am--depfiles
config.status:1192: $? = 0

## ---------------- ##
## Cache variables. ##
## ---------------- ##

ac_cv_c_compiler_gnu=yes
ac_cv_c_const=yes
ac_cv_c_inline=inline
ac_cv_cxx_compiler_gnu=yes
ac_cv_env_CCC_set=
ac_cv_env_CCC_value=
ac_cv_env_CC_set=
ac_cv_env_CC_value=
ac_cv_env_CFLAGS_set=
ac_cv_env_CFLAGS_value=
ac_cv_env_CPPFLAGS_set=
ac_cv_env_CPPFLAGS_value=
ac_cv_env_CXXFLAGS_set=
ac_cv_env_CXXFLAGS_value=
ac_cv_env_CXX_set=
ac_cv_env_CXX_value=
ac_cv_env_LDFLAGS_set=
ac_cv_env_LDFLAGS_value=
ac_cv_env_LIBS_set=
ac_cv_env_LIBS_value=
ac_cv_env_build_alias_set=
ac_cv_env_build_alias_value=
ac_cv_env_host_alias_set=
ac_cv_env_host_alias_value=
ac_cv_env_target_alias_set=
ac_cv_env_target_alias_value=
ac_cv_header_algorithm=yes
ac_cv_header_cstdio=yes
ac_cv_header_cstring=yes
ac_cv_header_ctype_h=yes
ac_cv_header_curses_h=yes
ac_cv_header_dirent_h=yes
ac_cv_header_errno_h=yes
ac_cv_header_exception=yes
ac_cv_header_fnmatch_h=yes
ac_cv_header_fstream=yes
ac_cv_header_inttypes_h=yes
ac_cv_header_iomanip=yes
ac_cv_header_iostream=yes
ac_cv_header_iterator=yes
ac_cv_header_list=yes
ac_cv_header_regex_h=yes
ac_cv_header_sstream=yes
ac_cv_header_stdint_h=yes
ac_cv_header_stdio_h=yes
ac_cv_header_stdlib_h=yes
ac_cv_header_string=yes
ac_cv_header_string_h=yes
ac_cv_header_strings_h=yes
ac_cv_header_strstream=yes
ac_cv_header_sys_stat_h=yes
ac_cv_header_sys_types_h=yes
ac_cv_header_unistd_h=yes
ac_cv_header_vector=yes
ac_cv_lib_curses_initscr=yes
ac_cv_lib_tinfo_COLS=yes
ac_cv_objext=o
ac_cv_path_EGREP='/usr/bin/grep -E'
ac_cv_path_EGREP_TRADITIONAL='/usr/bin/grep -E'
ac_cv_path_GREP=/usr/bin/grep
ac_cv_path_install='/usr/bin/install -c'
ac_cv_path_mkdir=/usr/bin/mkdir
ac_cv_prog_AWK=gawk
ac_cv_prog_ac_ct_CC=gcc
ac_cv_prog_ac_ct_CXX=g++
ac_cv_prog_cc_c11=
ac_cv_prog_cc_g=yes
ac_cv_prog_cc_stdc=
ac_cv_prog_cxx_cxx11=
ac_cv_prog_cxx_g=yes
ac_cv_prog_cxx_stdcxx=
ac_cv_prog_make_make_set=yes
ac_cv_search_strerror='none required'
am_cv_CC_dependencies_compiler_type=gcc3
am_cv_CXX_dependencies_compiler_type=gcc3
am_cv_filesystem_timestamp_resolution=0.01
am_cv_make_support_nested_variables=yes
am_cv_prog_cc_c_o=yes
am_cv_prog_cc_stdc=
am_cv_prog_tar_ustar=gnutar
am_cv_sleep_fractional_seconds=yes
am_cv_xargs_n_works=yes

## ----------------- ##
## Output variables. ##
## ----------------- ##

ACLOCAL='${SHELL} '\''/home/ashishk/Work/xstow/missing'\'' aclocal-1.18'
AMDEPBACKSLASH='\'
AMDEP_FALSE='#'
AMDEP_TRUE=''
AMTAR='$${TAR-tar}'
AM_BACKSLASH='\'
AM_DEFAULT_V='$(AM_DEFAULT_VERBOSITY)'
AM_DEFAULT_VERBOSITY='1'
AM_V='$(V)'
AUTOCONF='${SHELL} '\''/home/ashishk/Work/xstow/missing'\'' autoconf'
AUTOHEADER='${SHELL} '\''/home/ashishk/Work/xstow/missing'\'' autoheader'
AUTOMAKE='${SHELL} '\''/home/ashishk/Work/xstow/missing'\'' automake-1.18'
AWK='gawk'
CC='gcc'
CCDEPMODE='depmode=gcc3'
CFLAGS='-g -O2'
CPPFLAGS=''
CSCOPE='cscope'
CTAGS='ctags'
CXX='g++'
CXXDEPMODE='depmode=gcc3'
CXXFLAGS='-g -O2 -DNDEBUG -DSYSCONFDIR='\''"$(sysconfdir)"'\'''
CYGPATH_W='echo'
DEFS='-DHAVE_CONFIG_H'
DEPDIR='.deps'
ECHO_C=''
ECHO_N='-n'
ECHO_T=''
EGREP='/usr/bin/grep -E'
ENABLE_CURSES_FALSE='#'
ENABLE_CURSES_TRUE=''
ENABLE_FNMATCH_FALSE='#'
ENABLE_FNMATCH_TRUE=''
ENABLE_INI_FALSE='#'
ENABLE_INI_TRUE=''
ENABLE_MERGE_FALSE='#'
ENABLE_MERGE_TRUE=''
ENABLE_REGEX_FALSE='#'
ENABLE_REGEX_TRUE=''
ENABLE_STATIC_FALSE=''
ENABLE_STATIC_TRUE='#'
ETAGS='etags'
EXEEXT=''
GREP='/usr/bin/grep'
INSTALL_DATA='${INSTALL} -m 644'
INSTALL_PROGRAM='${INSTALL}'
INSTALL_SCRIPT='${INSTALL}'
INSTALL_STRIP_PROGRAM='$(install_sh) -c -s'
LDFLAGS=''
LDFLAGS_DYNAMIC=' -lcurses -ltinfo'
LIBOBJS=''
LIBS=''
LTLIBOBJS=''
MAKEINFO='${SHELL} '\''/home/ashishk/Work/xstow/missing'\'' makeinfo'
MKDIR_P='/usr/bin/mkdir -p'
OBJEXT='o'
PACKAGE='xstow'
PACKAGE_BUGREPORT=''
PACKAGE_NAME='xstow'
PACKAGE_STRING='xstow 1.0.3'
PACKAGE_TARNAME='xstow'
PACKAGE_URL=''
PACKAGE_VERSION='1.0.3'
PATH_SEPARATOR=':'
SET_MAKE=''
SHELL='/bin/sh'
STRIP=''
VERSION='1.0.3'
ac_ct_CC='gcc'
ac_ct_CXX='g++'
am__EXEEXT_FALSE=''
am__EXEEXT_TRUE='#'
am__fastdepCC_FALSE='#'
am__fastdepCC_TRUE=''
am__fastdepCXX_FALSE='#'
am__fastdepCXX_TRUE=''
am__include='include'
am__isrc=''
am__leading_dot='.'
am__nodep='_no'
am__quote=''
am__rm_f_notfound=''
am__tar='tar --format=ustar -chf - "$$tardir"'
am__untar='tar -xf -'
am__xargs_n='xargs -n'
bindir='${exec_prefix}/bin'
build_alias=''
datadir='${datarootdir}'
datarootdir='${prefix}/share'
docdir='${datarootdir}/doc/${PACKAGE_TARNAME}'
dvidir='${docdir}'
exec_prefix='${prefix}'
host_alias=''
htmldir='${docdir}'
includedir='${prefix}/include'
infodir='${datarootdir}/info'
install_sh='${SHELL} /home/ashishk/Work/xstow/install-sh'
libdir='${exec_prefix}/lib'
libexecdir='${exec_prefix}/libexec'
localedir='${datarootdir}/locale'
localstatedir='${prefix}/var'
mandir='${datarootdir}/man'
mkdir_p='$(MKDIR_P)'
oldincludedir='/usr/include'
pdfdir='${docdir}'
prefix='/usr/local'
program_transform_name='s,x,x,'
psdir='${docdir}'
runstatedir='${localstatedir}/run'
sbindir='${exec_prefix}/sbin'
sharedstatedir='${prefix}/com'
sysconfdir='${prefix}/etc'
target_alias=''

## ----------- ##
## confdefs.h. ##
## ----------- ##

/* confdefs.h */
#define PACKAGE_NAME "xstow"
#define PACKAGE_TARNAME "xstow"
#define PACKAGE_VERSION "1.0.3"
#define PACKAGE_STRING "xstow 1.0.3"
#define PACKAGE_BUGREPORT ""
#define PACKAGE_URL ""
#define PACKAGE "xstow"
#define VERSION "1.0.3"
#define HAVE_STDIO_H 1
#define HAVE_STDLIB_H 1
#define HAVE_STRING_H 1
#define HAVE_INTTYPES_H 1
#define HAVE_STDINT_H 1
#define HAVE_STRINGS_H 1
#define HAVE_SYS_STAT_H 1
#define HAVE_SYS_TYPES_H 1
#define HAVE_UNISTD_H 1
#define STDC_HEADERS 1
#define HAVE_FNMATCH_H 1
#define HAVE_REGEX_H 1
#define HAVE_CURSES_H 1
#define HAVE_STL_SSTREAM 1
#define HAVE_STL_STRSTREAM 1
#define CAN_USE_INI 1
#define HAVE_IOS_BASE 1

configure: exit 0
